<?xml version="1.0" encoding="UTF-8"?>
<!-- Generated by org.testng.reporters.JUnitReportReporter -->
<testsuite hostname="DESKTOP-1HKP6IS" failures="0" tests="1" name="testCases.TC001_AccountRegistorTest" time="5.242" errors="0" timestamp="2025-06-14T19:36:36 IST" skipped="0">
  <testcase classname="testCases.TC001_AccountRegistorTest" name="verifyRegistorAccountTest" time="5.242"/>
  <system-out/>
</testsuite> <!-- testCases.TC001_AccountRegistorTest -->
