<?xml version="1.0" encoding="UTF-8"?>
<!-- Generated by org.testng.reporters.JUnitReportReporter -->
<testsuite hostname="DESKTOP-1HKP6IS" failures="0" tests="1" name="testCases.LoginTest" time="3.184" errors="0" timestamp="2025-06-07T12:10:13 IST" skipped="0">
  <testcase classname="testCases.LoginTest" name="testLogin" time="3.184"/>
  <system-out/>
</testsuite> <!-- testCases.LoginTest -->
