<?xml version="1.0" encoding="UTF-8"?>
<!-- Generated by org.testng.reporters.JUnitReportReporter -->
<testsuite hostname="DESKTOP-1HKP6IS" failures="0" tests="1" name="testCases.TC002_LoginTest" time="5.472" errors="0" timestamp="2025-06-14T19:36:36 IST" skipped="0">
  <testcase classname="testCases.TC002_LoginTest" name="verifyLoginTest" time="5.472"/>
  <system-out/>
</testsuite> <!-- testCases.TC002_LoginTest -->
