<?xml version="1.0" encoding="UTF-8"?>
<!-- Generated by org.testng.reporters.JUnitReportReporter -->
<testsuite hostname="DESKTOP-1HKP6IS" failures="0" tests="1" name="testCases.LoginTest" time="5.164" errors="0" timestamp="2025-06-14T17:44:31 IST" skipped="0">
  <testcase classname="testCases.LoginTest" name="testLogin" time="5.164"/>
</testsuite> <!-- testCases.LoginTest -->
