<?xml version="1.0" encoding="UTF-8"?>
<!-- Generated by org.testng.reporters.JUnitReportReporter -->
<testsuite hostname="DESKTOP-1HKP6IS" failures="0" tests="1" name="testCases.TC001_AccountRegistorTest" time="5.473" errors="0" timestamp="2025-06-14T20:18:28 IST" skipped="0">
  <testcase classname="testCases.TC001_AccountRegistorTest" name="verifyRegistorAccountTest" time="5.473"/>
</testsuite> <!-- testCases.TC001_AccountRegistorTest -->
